Flow report for TE2_GRUPO17
Thu Jun 12 15:13:34 2025
Quartus II 64-Bit Version 13.1.0 Build 162 10/23/2013 SJ Web Edition


---------------------
; Table of Contents ;
---------------------
  1. Legal Notice
  2. Flow Summary
  3. Flow Settings
  4. Flow Non-Default Global Settings
  5. Flow Elapsed Time
  6. Flow OS Summary
  7. Flow Log
  8. Flow Messages
  9. Flow Suppressed Messages



----------------
; Legal Notice ;
----------------
Copyright (C) 1991-2013 Altera Corporation
Your use of Altera Corporation's design tools, logic functions 
and other software and tools, and its AMPP partner logic 
functions, and any output files from any of the foregoing 
(including device programming or simulation files), and any 
associated documentation or information are expressly subject 
to the terms and conditions of the Altera Program License 
Subscription Agreement, Altera MegaCore Function License 
Agreement, or other applicable license agreement, including, 
without limitation, that your use is for the sole purpose of 
programming logic devices manufactured by Altera and sold by 
Altera or its authorized distributors.  Please refer to the 
applicable agreement for further details.



+---------------------------------------------------------------------------------+
; Flow Summary                                                                    ;
+------------------------------------+--------------------------------------------+
; Flow Status                        ; Successful - Thu Jun 12 15:13:34 2025      ;
; Quartus II 64-Bit Version          ; 13.1.0 Build 162 10/23/2013 SJ Web Edition ;
; Revision Name                      ; TE2_GRUPO17                                ;
; Top-level Entity Name              ; FuncionDeEstado                            ;
; Family                             ; Cyclone III                                ;
; Total logic elements               ; 3 / 5,136 ( < 1 % )                        ;
;     Total combinational functions  ; 3 / 5,136 ( < 1 % )                        ;
;     Dedicated logic registers      ; 0 / 5,136 ( 0 % )                          ;
; Total registers                    ; 0                                          ;
; Total pins                         ; 7 / 183 ( 4 % )                            ;
; Total virtual pins                 ; 0                                          ;
; Total memory bits                  ; 0 / 423,936 ( 0 % )                        ;
; Embedded Multiplier 9-bit elements ; 0 / 46 ( 0 % )                             ;
; Total PLLs                         ; 0 / 2 ( 0 % )                              ;
; Device                             ; EP3C5F256C6                                ;
; Timing Models                      ; Final                                      ;
+------------------------------------+--------------------------------------------+


+-----------------------------------------+
; Flow Settings                           ;
+-------------------+---------------------+
; Option            ; Setting             ;
+-------------------+---------------------+
; Start date & time ; 06/12/2025 15:13:08 ;
; Main task         ; Compilation         ;
; Revision Name     ; TE2_GRUPO17         ;
+-------------------+---------------------+


+-----------------------------------------------------------------------------------------------------------------------------------------------------+
; Flow Non-Default Global Settings                                                                                                                    ;
+-------------------------------------+------------------------------------------------------------+---------------+-----------------+----------------+
; Assignment Name                     ; Value                                                      ; Default Value ; Entity Name     ; Section Id     ;
+-------------------------------------+------------------------------------------------------------+---------------+-----------------+----------------+
; COMPILER_SIGNATURE_ID               ; 0.174975198810086                                          ; --            ; --              ; --             ;
; EDA_NETLIST_WRITER_OUTPUT_DIR       ; /home/joaquin/Universidad/IDL/TE2_GRUPO17/simulation/qsim/ ; --            ; --              ; eda_simulation ;
; EDA_OUTPUT_DATA_FORMAT              ; Verilog Hdl                                                ; --            ; --              ; eda_simulation ;
; EDA_SIMULATION_TOOL                 ; ModelSim-Altera (Verilog)                                  ; <None>        ; --              ; --             ;
; EDA_TIME_SCALE                      ; 1 ps                                                       ; --            ; --              ; eda_simulation ;
; PARTITION_COLOR                     ; 16764057                                                   ; --            ; FuncionDeEstado ; Top            ;
; PARTITION_FITTER_PRESERVATION_LEVEL ; PLACEMENT_AND_ROUTING                                      ; --            ; FuncionDeEstado ; Top            ;
; PARTITION_NETLIST_TYPE              ; SOURCE                                                     ; --            ; FuncionDeEstado ; Top            ;
; PROJECT_OUTPUT_DIRECTORY            ; output_files                                               ; --            ; --              ; --             ;
; TOP_LEVEL_ENTITY                    ; FuncionDeEstado                                            ; TE2_GRUPO17   ; --              ; --             ;
+-------------------------------------+------------------------------------------------------------+---------------+-----------------+----------------+


+-------------------------------------------------------------------------------------------------------------------------------+
; Flow Elapsed Time                                                                                                             ;
+---------------------------+--------------+-------------------------+---------------------+------------------------------------+
; Module Name               ; Elapsed Time ; Average Processors Used ; Peak Virtual Memory ; Total CPU Time (on all processors) ;
+---------------------------+--------------+-------------------------+---------------------+------------------------------------+
; Analysis & Synthesis      ; 00:00:02     ; 1.0                     ; 593 MB              ; 00:00:02                           ;
; Fitter                    ; 00:00:07     ; 1.0                     ; 795 MB              ; 00:00:07                           ;
; Assembler                 ; 00:00:01     ; 1.0                     ; 589 MB              ; 00:00:01                           ;
; TimeQuest Timing Analyzer ; 00:00:02     ; 1.0                     ; 579 MB              ; 00:00:02                           ;
; EDA Netlist Writer        ; 00:00:01     ; 1.0                     ; 815 MB              ; 00:00:01                           ;
; Total                     ; 00:00:13     ; --                      ; --                  ; 00:00:13                           ;
+---------------------------+--------------+-------------------------+---------------------+------------------------------------+


+---------------------------------------------------------------------------------------------+
; Flow OS Summary                                                                             ;
+---------------------------+------------------+----------------+------------+----------------+
; Module Name               ; Machine Hostname ; OS Name        ; OS Version ; Processor type ;
+---------------------------+------------------+----------------+------------+----------------+
; Analysis & Synthesis      ; PC-Estudio-SSD   ; Ubuntu 24.04.2 ; 24         ; x86_64         ;
; Fitter                    ; PC-Estudio-SSD   ; Ubuntu 24.04.2 ; 24         ; x86_64         ;
; Assembler                 ; PC-Estudio-SSD   ; Ubuntu 24.04.2 ; 24         ; x86_64         ;
; TimeQuest Timing Analyzer ; PC-Estudio-SSD   ; Ubuntu 24.04.2 ; 24         ; x86_64         ;
; EDA Netlist Writer        ; PC-Estudio-SSD   ; Ubuntu 24.04.2 ; 24         ; x86_64         ;
+---------------------------+------------------+----------------+------------+----------------+


------------
; Flow Log ;
------------
quartus_map --read_settings_files=on --write_settings_files=off TE2_GRUPO17 -c TE2_GRUPO17
quartus_fit --read_settings_files=off --write_settings_files=off TE2_GRUPO17 -c TE2_GRUPO17
quartus_asm --read_settings_files=off --write_settings_files=off TE2_GRUPO17 -c TE2_GRUPO17
quartus_sta TE2_GRUPO17 -c TE2_GRUPO17
quartus_eda --read_settings_files=off --write_settings_files=off TE2_GRUPO17 -c TE2_GRUPO17



