Analysis & Synthesis report for TEI_GRUPO17
Tue Jul 29 02:53:16 2025
Quartus II 64-Bit Version 13.1.0 Build 162 10/23/2013 SJ Web Edition


---------------------
; Table of Contents ;
---------------------
  1. Legal Notice
  2. Analysis & Synthesis Summary
  3. Analysis & Synthesis Settings
  4. Parallel Compilation
  5. Analysis & Synthesis Source Files Read
  6. Analysis & Synthesis Resource Usage Summary
  7. Analysis & Synthesis Resource Utilization by Entity
  8. Registers Removed During Synthesis
  9. General Register Statistics
 10. Elapsed Time Per Partition
 11. Analysis & Synthesis Messages



----------------
; Legal Notice ;
----------------
Copyright (C) 1991-2013 Altera Corporation
Your use of Altera Corporation's design tools, logic functions 
and other software and tools, and its AMPP partner logic 
functions, and any output files from any of the foregoing 
(including device programming or simulation files), and any 
associated documentation or information are expressly subject 
to the terms and conditions of the Altera Program License 
Subscription Agreement, Altera MegaCore Function License 
Agreement, or other applicable license agreement, including, 
without limitation, that your use is for the sole purpose of 
programming logic devices manufactured by Altera and sold by 
Altera or its authorized distributors.  Please refer to the 
applicable agreement for further details.



+---------------------------------------------------------------------------------+
; Analysis & Synthesis Summary                                                    ;
+------------------------------------+--------------------------------------------+
; Analysis & Synthesis Status        ; Successful - Tue Jul 29 02:53:16 2025      ;
; Quartus II 64-Bit Version          ; 13.1.0 Build 162 10/23/2013 SJ Web Edition ;
; Revision Name                      ; TEI_GRUPO17                                ;
; Top-level Entity Name              ; unidad_control                             ;
; Family                             ; Cyclone III                                ;
; Total logic elements               ; 0                                          ;
;     Total combinational functions  ; 0                                          ;
;     Dedicated logic registers      ; 0                                          ;
; Total registers                    ; 0                                          ;
; Total pins                         ; 70                                         ;
; Total virtual pins                 ; 0                                          ;
; Total memory bits                  ; 0                                          ;
; Embedded Multiplier 9-bit elements ; 0                                          ;
; Total PLLs                         ; 0                                          ;
+------------------------------------+--------------------------------------------+


+----------------------------------------------------------------------------------------------------------------------+
; Analysis & Synthesis Settings                                                                                        ;
+----------------------------------------------------------------------------+--------------------+--------------------+
; Option                                                                     ; Setting            ; Default Value      ;
+----------------------------------------------------------------------------+--------------------+--------------------+
; Top-level entity name                                                      ; unidad_control     ; TEI_GRUPO17        ;
; Family name                                                                ; Cyclone III        ; Cyclone IV GX      ;
; Use smart compilation                                                      ; Off                ; Off                ;
; Enable parallel Assembler and TimeQuest Timing Analyzer during compilation ; On                 ; On                 ;
; Enable compact report table                                                ; Off                ; Off                ;
; Restructure Multiplexers                                                   ; Auto               ; Auto               ;
; Create Debugging Nodes for IP Cores                                        ; Off                ; Off                ;
; Preserve fewer node names                                                  ; On                 ; On                 ;
; Disable OpenCore Plus hardware evaluation                                  ; Off                ; Off                ;
; Verilog Version                                                            ; Verilog_2001       ; Verilog_2001       ;
; VHDL Version                                                               ; VHDL_1993          ; VHDL_1993          ;
; State Machine Processing                                                   ; Auto               ; Auto               ;
; Safe State Machine                                                         ; Off                ; Off                ;
; Extract Verilog State Machines                                             ; On                 ; On                 ;
; Extract VHDL State Machines                                                ; On                 ; On                 ;
; Ignore Verilog initial constructs                                          ; Off                ; Off                ;
; Iteration limit for constant Verilog loops                                 ; 5000               ; 5000               ;
; Iteration limit for non-constant Verilog loops                             ; 250                ; 250                ;
; Add Pass-Through Logic to Inferred RAMs                                    ; On                 ; On                 ;
; Infer RAMs from Raw Logic                                                  ; On                 ; On                 ;
; Parallel Synthesis                                                         ; On                 ; On                 ;
; DSP Block Balancing                                                        ; Auto               ; Auto               ;
; NOT Gate Push-Back                                                         ; On                 ; On                 ;
; Power-Up Don't Care                                                        ; On                 ; On                 ;
; Remove Redundant Logic Cells                                               ; Off                ; Off                ;
; Remove Duplicate Registers                                                 ; On                 ; On                 ;
; Ignore CARRY Buffers                                                       ; Off                ; Off                ;
; Ignore CASCADE Buffers                                                     ; Off                ; Off                ;
; Ignore GLOBAL Buffers                                                      ; Off                ; Off                ;
; Ignore ROW GLOBAL Buffers                                                  ; Off                ; Off                ;
; Ignore LCELL Buffers                                                       ; Off                ; Off                ;
; Ignore SOFT Buffers                                                        ; On                 ; On                 ;
; Limit AHDL Integers to 32 Bits                                             ; Off                ; Off                ;
; Optimization Technique                                                     ; Balanced           ; Balanced           ;
; Carry Chain Length                                                         ; 70                 ; 70                 ;
; Auto Carry Chains                                                          ; On                 ; On                 ;
; Auto Open-Drain Pins                                                       ; On                 ; On                 ;
; Perform WYSIWYG Primitive Resynthesis                                      ; Off                ; Off                ;
; Auto ROM Replacement                                                       ; On                 ; On                 ;
; Auto RAM Replacement                                                       ; On                 ; On                 ;
; Auto DSP Block Replacement                                                 ; On                 ; On                 ;
; Auto Shift Register Replacement                                            ; Auto               ; Auto               ;
; Allow Shift Register Merging across Hierarchies                            ; Auto               ; Auto               ;
; Auto Clock Enable Replacement                                              ; On                 ; On                 ;
; Strict RAM Replacement                                                     ; Off                ; Off                ;
; Allow Synchronous Control Signals                                          ; On                 ; On                 ;
; Force Use of Synchronous Clear Signals                                     ; Off                ; Off                ;
; Auto RAM Block Balancing                                                   ; On                 ; On                 ;
; Auto RAM to Logic Cell Conversion                                          ; Off                ; Off                ;
; Auto Resource Sharing                                                      ; Off                ; Off                ;
; Allow Any RAM Size For Recognition                                         ; Off                ; Off                ;
; Allow Any ROM Size For Recognition                                         ; Off                ; Off                ;
; Allow Any Shift Register Size For Recognition                              ; Off                ; Off                ;
; Use LogicLock Constraints during Resource Balancing                        ; On                 ; On                 ;
; Ignore translate_off and synthesis_off directives                          ; Off                ; Off                ;
; Timing-Driven Synthesis                                                    ; On                 ; On                 ;
; Report Parameter Settings                                                  ; On                 ; On                 ;
; Report Source Assignments                                                  ; On                 ; On                 ;
; Report Connectivity Checks                                                 ; On                 ; On                 ;
; Ignore Maximum Fan-Out Assignments                                         ; Off                ; Off                ;
; Synchronization Register Chain Length                                      ; 2                  ; 2                  ;
; PowerPlay Power Optimization                                               ; Normal compilation ; Normal compilation ;
; HDL message level                                                          ; Level2             ; Level2             ;
; Suppress Register Optimization Related Messages                            ; Off                ; Off                ;
; Number of Removed Registers Reported in Synthesis Report                   ; 5000               ; 5000               ;
; Number of Swept Nodes Reported in Synthesis Report                         ; 5000               ; 5000               ;
; Number of Inverted Registers Reported in Synthesis Report                  ; 100                ; 100                ;
; Clock MUX Protection                                                       ; On                 ; On                 ;
; Auto Gated Clock Conversion                                                ; Off                ; Off                ;
; Block Design Naming                                                        ; Auto               ; Auto               ;
; SDC constraint protection                                                  ; Off                ; Off                ;
; Synthesis Effort                                                           ; Auto               ; Auto               ;
; Shift Register Replacement - Allow Asynchronous Clear Signal               ; On                 ; On                 ;
; Pre-Mapping Resynthesis Optimization                                       ; Off                ; Off                ;
; Analysis & Synthesis Message Level                                         ; Medium             ; Medium             ;
; Disable Register Merging Across Hierarchies                                ; Auto               ; Auto               ;
; Resource Aware Inference For Block RAM                                     ; On                 ; On                 ;
; Synthesis Seed                                                             ; 1                  ; 1                  ;
+----------------------------------------------------------------------------+--------------------+--------------------+


Parallel compilation was disabled, but you have multiple processors available. Enable parallel compilation to reduce compilation time.
+-------------------------------------+
; Parallel Compilation                ;
+----------------------------+--------+
; Processors                 ; Number ;
+----------------------------+--------+
; Number detected on machine ; 16     ;
; Maximum allowed            ; 1      ;
+----------------------------+--------+


+----------------------------------------------------------------------------------------------------------------------------------------------------------------------------------------------+
; Analysis & Synthesis Source Files Read                                                                                                                                                       ;
+----------------------------------+-----------------+------------------------------------+------------------------------------------------------------------------------------------+---------+
; File Name with User-Entered Path ; Used in Netlist ; File Type                          ; File Name with Absolute Path                                                             ; Library ;
+----------------------------------+-----------------+------------------------------------+------------------------------------------------------------------------------------------+---------+
; decodificador_salida.bdf         ; yes             ; User Block Diagram/Schematic File  ; C:/Users/tomas/Desktop/IngenieriaEnComputacion/IDL/TEI_GRUPO17/decodificador_salida.bdf  ;         ;
; MEF_funcion_de_salida.bdf        ; yes             ; User Block Diagram/Schematic File  ; C:/Users/tomas/Desktop/IngenieriaEnComputacion/IDL/TEI_GRUPO17/MEF_funcion_de_salida.bdf ;         ;
; MEF_funcion_de_estado.bdf        ; yes             ; User Block Diagram/Schematic File  ; C:/Users/tomas/Desktop/IngenieriaEnComputacion/IDL/TEI_GRUPO17/MEF_funcion_de_estado.bdf ;         ;
; MEF_estado.bdf                   ; yes             ; User Block Diagram/Schematic File  ; C:/Users/tomas/Desktop/IngenieriaEnComputacion/IDL/TEI_GRUPO17/MEF_estado.bdf            ;         ;
; MEF.bdf                          ; yes             ; User Block Diagram/Schematic File  ; C:/Users/tomas/Desktop/IngenieriaEnComputacion/IDL/TEI_GRUPO17/MEF.bdf                   ;         ;
; UC_detector_error.bdf            ; yes             ; User Block Diagram/Schematic File  ; C:/Users/tomas/Desktop/IngenieriaEnComputacion/IDL/TEI_GRUPO17/UC_detector_error.bdf     ;         ;
; UC_detector_fin.bdf              ; yes             ; User Block Diagram/Schematic File  ; C:/Users/tomas/Desktop/IngenieriaEnComputacion/IDL/TEI_GRUPO17/UC_detector_fin.bdf       ;         ;
; comparador_12bits.bdf            ; yes             ; User Block Diagram/Schematic File  ; C:/Users/tomas/Desktop/IngenieriaEnComputacion/IDL/TEI_GRUPO17/comparador_12bits.bdf     ;         ;
; reg_1bit.bdf                     ; yes             ; User Block Diagram/Schematic File  ; C:/Users/tomas/Desktop/IngenieriaEnComputacion/IDL/TEI_GRUPO17/reg_1bit.bdf              ;         ;
; sumador_completo.bdf             ; yes             ; User Block Diagram/Schematic File  ; C:/Users/tomas/Desktop/IngenieriaEnComputacion/IDL/TEI_GRUPO17/sumador_completo.bdf      ;         ;
; sumador_12bits_serie.bdf         ; yes             ; User Block Diagram/Schematic File  ; C:/Users/tomas/Desktop/IngenieriaEnComputacion/IDL/TEI_GRUPO17/sumador_12bits_serie.bdf  ;         ;
; UC_detector_pausa.bdf            ; yes             ; User Block Diagram/Schematic File  ; C:/Users/tomas/Desktop/IngenieriaEnComputacion/IDL/TEI_GRUPO17/UC_detector_pausa.bdf     ;         ;
; comparador_1bit.bdf              ; yes             ; User Block Diagram/Schematic File  ; C:/Users/tomas/Desktop/IngenieriaEnComputacion/IDL/TEI_GRUPO17/comparador_1bit.bdf       ;         ;
; UC_de_UA.bdf                     ; yes             ; User Block Diagram/Schematic File  ; C:/Users/tomas/Desktop/IngenieriaEnComputacion/IDL/TEI_GRUPO17/UC_de_UA.bdf              ;         ;
; UC_estados.bdf                   ; yes             ; User Block Diagram/Schematic File  ; C:/Users/tomas/Desktop/IngenieriaEnComputacion/IDL/TEI_GRUPO17/UC_estados.bdf            ;         ;
; unidad_control.bdf               ; yes             ; User Block Diagram/Schematic File  ; C:/Users/tomas/Desktop/IngenieriaEnComputacion/IDL/TEI_GRUPO17/unidad_control.bdf        ;         ;
; MUX2.bdf                         ; yes             ; User Block Diagram/Schematic File  ; C:/Users/tomas/Desktop/IngenieriaEnComputacion/IDL/TEI_GRUPO17/MUX2.bdf                  ;         ;
; conversorCA2.bdf                 ; yes             ; User Block Diagram/Schematic File  ; C:/Users/tomas/Desktop/IngenieriaEnComputacion/IDL/TEI_GRUPO17/conversorCA2.bdf          ;         ;
; UC_de_UC.bdf                     ; yes             ; User Block Diagram/Schematic File  ; C:/Users/tomas/Desktop/IngenieriaEnComputacion/IDL/TEI_GRUPO17/UC_de_UC.bdf              ;         ;
+----------------------------------+-----------------+------------------------------------+------------------------------------------------------------------------------------------+---------+


+------------------------------------------------------------+
; Analysis & Synthesis Resource Usage Summary                ;
+---------------------------------------------+--------------+
; Resource                                    ; Usage        ;
+---------------------------------------------+--------------+
;                                             ;              ;
; Total combinational functions               ; 0            ;
; Logic element usage by number of LUT inputs ;              ;
;     -- 4 input functions                    ; 0            ;
;     -- 3 input functions                    ; 0            ;
;     -- <=2 input functions                  ; 0            ;
;                                             ;              ;
; Logic elements by mode                      ;              ;
;     -- normal mode                          ; 0            ;
;     -- arithmetic mode                      ; 0            ;
;                                             ;              ;
; Total registers                             ; 0            ;
;     -- Dedicated logic registers            ; 0            ;
;     -- I/O registers                        ; 0            ;
;                                             ;              ;
; I/O pins                                    ; 70           ;
; Embedded Multiplier 9-bit elements          ; 0            ;
; Maximum fan-out node                        ; PAUSA~output ;
; Maximum fan-out                             ; 1            ;
; Total fan-out                               ; 73           ;
; Average fan-out                             ; 0.52         ;
+---------------------------------------------+--------------+


+-----------------------------------------------------------------------------------------------------------------------------------------------------------------------------+
; Analysis & Synthesis Resource Utilization by Entity                                                                                                                         ;
+----------------------------+-------------------+--------------+-------------+--------------+---------+-----------+------+--------------+---------------------+--------------+
; Compilation Hierarchy Node ; LC Combinationals ; LC Registers ; Memory Bits ; DSP Elements ; DSP 9x9 ; DSP 18x18 ; Pins ; Virtual Pins ; Full Hierarchy Name ; Library Name ;
+----------------------------+-------------------+--------------+-------------+--------------+---------+-----------+------+--------------+---------------------+--------------+
; |unidad_control            ; 0 (0)             ; 0 (0)        ; 0           ; 0            ; 0       ; 0         ; 70   ; 0            ; |unidad_control     ; work         ;
+----------------------------+-------------------+--------------+-------------+--------------+---------+-----------+------+--------------+---------------------+--------------+
Note: For table entries with two numbers listed, the numbers in parentheses indicate the number of resources of the given type used by the specific entity alone. The numbers listed outside of parentheses indicate the total resources of the given type used by the specific entity and all of its sub-entities in the hierarchy.


+--------------------------------------------------------------------------------+
; Registers Removed During Synthesis                                             ;
+---------------------------------------+----------------------------------------+
; Register name                         ; Reason for Removal                     ;
+---------------------------------------+----------------------------------------+
; reg_1bit:inst5|inst4                  ; Stuck at GND due to stuck port data_in ;
; Total Number of Removed Registers = 1 ;                                        ;
+---------------------------------------+----------------------------------------+


+------------------------------------------------------+
; General Register Statistics                          ;
+----------------------------------------------+-------+
; Statistic                                    ; Value ;
+----------------------------------------------+-------+
; Total registers                              ; 0     ;
; Number of registers using Synchronous Clear  ; 0     ;
; Number of registers using Synchronous Load   ; 0     ;
; Number of registers using Asynchronous Clear ; 0     ;
; Number of registers using Asynchronous Load  ; 0     ;
; Number of registers using Clock Enable       ; 0     ;
; Number of registers using Preset             ; 0     ;
+----------------------------------------------+-------+


+-------------------------------+
; Elapsed Time Per Partition    ;
+----------------+--------------+
; Partition Name ; Elapsed Time ;
+----------------+--------------+
; Top            ; 00:00:00     ;
+----------------+--------------+


+-------------------------------+
; Analysis & Synthesis Messages ;
+-------------------------------+
Info: *******************************************************************
Info: Running Quartus II 64-Bit Analysis & Synthesis
    Info: Version 13.1.0 Build 162 10/23/2013 SJ Web Edition
    Info: Processing started: Tue Jul 29 02:53:16 2025
Info: Command: quartus_map --read_settings_files=on --write_settings_files=off TEI_GRUPO17 -c TEI_GRUPO17
Warning (20028): Parallel compilation is not licensed and has been disabled
Info (12021): Found 1 design units, including 1 entities, in source file decodificador_salida.bdf
    Info (12023): Found entity 1: decodificador_salida
Info (12021): Found 1 design units, including 1 entities, in source file mef_funcion_de_salida.bdf
    Info (12023): Found entity 1: MEF_funcion_de_salida
Info (12021): Found 1 design units, including 1 entities, in source file mef_funcion_de_estado.bdf
    Info (12023): Found entity 1: MEF_funcion_de_estado
Info (12021): Found 1 design units, including 1 entities, in source file mef_estado.bdf
    Info (12023): Found entity 1: MEF_estado
Info (12021): Found 1 design units, including 1 entities, in source file mef.bdf
    Info (12023): Found entity 1: MEF
Info (12021): Found 1 design units, including 1 entities, in source file contador.bdf
    Info (12023): Found entity 1: contador
Info (12021): Found 1 design units, including 1 entities, in source file circuito_principal.bdf
    Info (12023): Found entity 1: circuito_principal
Info (12021): Found 1 design units, including 1 entities, in source file almacenamiento.bdf
    Info (12023): Found entity 1: almacenamiento
Info (12021): Found 1 design units, including 1 entities, in source file uc_detector_error.bdf
    Info (12023): Found entity 1: UC_detector_error
Info (12021): Found 1 design units, including 1 entities, in source file uc_detector_fin.bdf
    Info (12023): Found entity 1: UC_detector_fin
Info (12021): Found 1 design units, including 1 entities, in source file comparador_12bits.bdf
    Info (12023): Found entity 1: comparador_12bits
Info (12021): Found 1 design units, including 1 entities, in source file contador_uc.bdf
    Info (12023): Found entity 1: contador_UC
Info (12021): Found 1 design units, including 1 entities, in source file reg_12bits.bdf
    Info (12023): Found entity 1: reg_12bits
Info (12021): Found 1 design units, including 1 entities, in source file reg_1bit.bdf
    Info (12023): Found entity 1: reg_1bit
Info (12021): Found 1 design units, including 1 entities, in source file sumador_semi.bdf
    Info (12023): Found entity 1: sumador_semi
Info (12021): Found 1 design units, including 1 entities, in source file sumador_completo.bdf
    Info (12023): Found entity 1: sumador_completo
Info (12021): Found 1 design units, including 1 entities, in source file sumador_12bits_serie.bdf
    Info (12023): Found entity 1: sumador_12bits_serie
Info (12021): Found 1 design units, including 1 entities, in source file uc_detector_pausa.bdf
    Info (12023): Found entity 1: UC_detector_pausa
Info (12021): Found 1 design units, including 1 entities, in source file reg_1bit_tristate.bdf
    Info (12023): Found entity 1: reg_1bit_tristate
Info (12021): Found 1 design units, including 1 entities, in source file reg_12bits_tristate.bdf
    Info (12023): Found entity 1: reg_12bits_tristate
Info (12021): Found 1 design units, including 1 entities, in source file comparador_1bit.bdf
    Info (12023): Found entity 1: comparador_1bit
Info (12021): Found 1 design units, including 1 entities, in source file uc_de_ua.bdf
    Info (12023): Found entity 1: UC_de_UA
Info (12021): Found 1 design units, including 1 entities, in source file uc_estados.bdf
    Info (12023): Found entity 1: UC_estados
Info (12021): Found 1 design units, including 1 entities, in source file unidad_control.bdf
    Info (12023): Found entity 1: unidad_control
Info (12021): Found 1 design units, including 1 entities, in source file mux2.bdf
    Info (12023): Found entity 1: MUX2
Info (12021): Found 1 design units, including 1 entities, in source file conversorca2.bdf
    Info (12023): Found entity 1: conversorCA2
Info (12021): Found 1 design units, including 1 entities, in source file uc_de_uc.bdf
    Info (12023): Found entity 1: UC_de_UC
Info (12127): Elaborating entity "unidad_control" for the top level hierarchy
Info (12128): Elaborating entity "UC_estados" for hierarchy "UC_estados:inst4"
Info (12128): Elaborating entity "decodificador_salida" for hierarchy "decodificador_salida:inst10"
Info (12128): Elaborating entity "UC_de_UA" for hierarchy "UC_de_UA:inst3"
Warning (275011): Block or symbol "AND3" of instance "inst3" overlaps another block or symbol
Info (12128): Elaborating entity "UC_de_UC" for hierarchy "UC_de_UC:inst7"
Info (12128): Elaborating entity "conversorCA2" for hierarchy "UC_de_UC:inst7|conversorCA2:inst"
Info (12128): Elaborating entity "sumador_12bits_serie" for hierarchy "UC_de_UC:inst7|conversorCA2:inst|sumador_12bits_serie:inst41"
Info (12128): Elaborating entity "sumador_completo" for hierarchy "UC_de_UC:inst7|conversorCA2:inst|sumador_12bits_serie:inst41|sumador_completo:inst11"
Info (12128): Elaborating entity "MUX2" for hierarchy "UC_de_UC:inst7|conversorCA2:inst|MUX2:inst"
Info (12128): Elaborating entity "reg_1bit" for hierarchy "reg_1bit:inst5"
Info (12128): Elaborating entity "UC_detector_pausa" for hierarchy "UC_detector_pausa:inst"
Info (12128): Elaborating entity "UC_detector_error" for hierarchy "UC_detector_error:inst1"
Info (12128): Elaborating entity "comparador_12bits" for hierarchy "UC_detector_error:inst1|comparador_12bits:inst"
Info (12128): Elaborating entity "comparador_1bit" for hierarchy "UC_detector_error:inst1|comparador_12bits:inst|comparador_1bit:inst11"
Info (12128): Elaborating entity "MEF" for hierarchy "MEF:inst6"
Info (12128): Elaborating entity "MEF_funcion_de_salida" for hierarchy "MEF:inst6|MEF_funcion_de_salida:inst1"
Info (12128): Elaborating entity "MEF_estado" for hierarchy "MEF:inst6|MEF_estado:inst"
Info (12128): Elaborating entity "MEF_funcion_de_estado" for hierarchy "MEF:inst6|MEF_funcion_de_estado:inst2"
Warning (275009): Pin "CLK" not connected
Info (12128): Elaborating entity "UC_detector_fin" for hierarchy "UC_detector_fin:inst8"
Warning (13024): Output pins are stuck at VCC or GND
    Warning (13410): Pin "PAUSA" is stuck at GND
    Warning (13410): Pin "ERROR" is stuck at VCC
    Warning (13410): Pin "FIN" is stuck at GND
    Warning (13410): Pin "IenVI_UA" is stuck at GND
    Warning (13410): Pin "IenVF_UA" is stuck at GND
    Warning (13410): Pin "OenVI_UA" is stuck at GND
    Warning (13410): Pin "Ienb_UC" is stuck at GND
    Warning (13410): Pin "OenVC_UC" is stuck at GND
    Warning (13410): Pin "IenVI_UC" is stuck at GND
    Warning (13410): Pin "PRUEBA1" is stuck at VCC
    Warning (13410): Pin "PRUEBA2" is stuck at VCC
    Warning (13410): Pin "Bout[11]" is stuck at GND
    Warning (13410): Pin "Bout[10]" is stuck at GND
    Warning (13410): Pin "Bout[9]" is stuck at GND
    Warning (13410): Pin "Bout[8]" is stuck at GND
    Warning (13410): Pin "Bout[7]" is stuck at GND
    Warning (13410): Pin "Bout[6]" is stuck at GND
    Warning (13410): Pin "Bout[5]" is stuck at GND
    Warning (13410): Pin "Bout[4]" is stuck at GND
    Warning (13410): Pin "Bout[3]" is stuck at GND
Info (16010): Generating hard_block partition "hard_block:auto_generated_inst"
    Info (16011): Adding 0 node(s), including 0 DDIO, 0 PLL, 0 transceiver and 0 LCELL
Warning (21074): Design contains 44 input pin(s) that do not drive logic
    Warning (15610): No output dependent on input pin "LOAD_I"
    Warning (15610): No output dependent on input pin "LOAD_F"
    Warning (15610): No output dependent on input pin "UP_DOWN"
    Warning (15610): No output dependent on input pin "CLK"
    Warning (15610): No output dependent on input pin "VF[11]"
    Warning (15610): No output dependent on input pin "VF[10]"
    Warning (15610): No output dependent on input pin "VF[9]"
    Warning (15610): No output dependent on input pin "VF[8]"
    Warning (15610): No output dependent on input pin "VF[7]"
    Warning (15610): No output dependent on input pin "VF[6]"
    Warning (15610): No output dependent on input pin "VF[5]"
    Warning (15610): No output dependent on input pin "VF[4]"
    Warning (15610): No output dependent on input pin "VF[3]"
    Warning (15610): No output dependent on input pin "VF[2]"
    Warning (15610): No output dependent on input pin "VF[1]"
    Warning (15610): No output dependent on input pin "VF[0]"
    Warning (15610): No output dependent on input pin "VI[11]"
    Warning (15610): No output dependent on input pin "VI[10]"
    Warning (15610): No output dependent on input pin "VI[9]"
    Warning (15610): No output dependent on input pin "VI[8]"
    Warning (15610): No output dependent on input pin "VI[7]"
    Warning (15610): No output dependent on input pin "VI[6]"
    Warning (15610): No output dependent on input pin "VI[5]"
    Warning (15610): No output dependent on input pin "VI[4]"
    Warning (15610): No output dependent on input pin "VI[3]"
    Warning (15610): No output dependent on input pin "VI[2]"
    Warning (15610): No output dependent on input pin "VI[1]"
    Warning (15610): No output dependent on input pin "VI[0]"
    Warning (15610): No output dependent on input pin "START"
    Warning (15610): No output dependent on input pin "RECARGAR"
    Warning (15610): No output dependent on input pin "CONTINUAR"
    Warning (15610): No output dependent on input pin "Cout"
    Warning (15610): No output dependent on input pin "VC[11]"
    Warning (15610): No output dependent on input pin "VC[10]"
    Warning (15610): No output dependent on input pin "VC[9]"
    Warning (15610): No output dependent on input pin "VC[8]"
    Warning (15610): No output dependent on input pin "VC[7]"
    Warning (15610): No output dependent on input pin "VC[6]"
    Warning (15610): No output dependent on input pin "VC[5]"
    Warning (15610): No output dependent on input pin "VC[4]"
    Warning (15610): No output dependent on input pin "VC[3]"
    Warning (15610): No output dependent on input pin "VC[2]"
    Warning (15610): No output dependent on input pin "VC[1]"
    Warning (15610): No output dependent on input pin "VC[0]"
Info (21057): Implemented 70 device resources after synthesis - the final resource count might be different
    Info (21058): Implemented 47 input pins
    Info (21059): Implemented 23 output pins
Info: Quartus II 64-Bit Analysis & Synthesis was successful. 0 errors, 69 warnings
    Info: Peak virtual memory: 4628 megabytes
    Info: Processing ended: Tue Jul 29 02:53:16 2025
    Info: Elapsed time: 00:00:00
    Info: Total CPU time (on all processors): 00:00:01


