Flow report for TEI_GRUPO17
Thu Jul 31 22:05:48 2025
Quartus II 64-Bit Version 13.1.0 Build 162 10/23/2013 SJ Web Edition


---------------------
; Table of Contents ;
---------------------
  1. Legal Notice
  2. Flow Summary
  3. Flow Settings
  4. Flow Non-Default Global Settings
  5. Flow Elapsed Time
  6. Flow OS Summary
  7. Flow Log
  8. Flow Messages
  9. Flow Suppressed Messages



----------------
; Legal Notice ;
----------------
Copyright (C) 1991-2013 Altera Corporation
Your use of Altera Corporation's design tools, logic functions 
and other software and tools, and its AMPP partner logic 
functions, and any output files from any of the foregoing 
(including device programming or simulation files), and any 
associated documentation or information are expressly subject 
to the terms and conditions of the Altera Program License 
Subscription Agreement, Altera MegaCore Function License 
Agreement, or other applicable license agreement, including, 
without limitation, that your use is for the sole purpose of 
programming logic devices manufactured by Altera and sold by 
Altera or its authorized distributors.  Please refer to the 
applicable agreement for further details.



+---------------------------------------------------------------------------------+
; Flow Summary                                                                    ;
+------------------------------------+--------------------------------------------+
; Flow Status                        ; Successful - Thu Jul 31 22:05:48 2025      ;
; Quartus II 64-Bit Version          ; 13.1.0 Build 162 10/23/2013 SJ Web Edition ;
; Revision Name                      ; TEI_GRUPO17                                ;
; Top-level Entity Name              ; circuito_principal_bloque                  ;
; Family                             ; Cyclone III                                ;
; Total logic elements               ; 133 / 5,136 ( 3 % )                        ;
;     Total combinational functions  ; 131 / 5,136 ( 3 % )                        ;
;     Dedicated logic registers      ; 45 / 5,136 ( < 1 % )                       ;
; Total registers                    ; 45                                         ;
; Total pins                         ; 25 / 183 ( 14 % )                          ;
; Total virtual pins                 ; 0                                          ;
; Total memory bits                  ; 0 / 423,936 ( 0 % )                        ;
; Embedded Multiplier 9-bit elements ; 0 / 46 ( 0 % )                             ;
; Total PLLs                         ; 0 / 2 ( 0 % )                              ;
; Device                             ; EP3C5F256C6                                ;
; Timing Models                      ; Final                                      ;
+------------------------------------+--------------------------------------------+


+-----------------------------------------+
; Flow Settings                           ;
+-------------------+---------------------+
; Option            ; Setting             ;
+-------------------+---------------------+
; Start date & time ; 07/31/2025 21:47:49 ;
; Main task         ; Compilation         ;
; Revision Name     ; TEI_GRUPO17         ;
+-------------------+---------------------+


+------------------------------------------------------------------------------------------------------------------------------------------------------------------------------------+
; Flow Non-Default Global Settings                                                                                                                                                   ;
+-------------------------------------+---------------------------------------------------------------------------------+---------------+---------------------------+----------------+
; Assignment Name                     ; Value                                                                           ; Default Value ; Entity Name               ; Section Id     ;
+-------------------------------------+---------------------------------------------------------------------------------+---------------+---------------------------+----------------+
; COMPILER_SIGNATURE_ID               ; 106444396547144.175400926909816                                                 ; --            ; --                        ; --             ;
; EDA_GENERATE_FUNCTIONAL_NETLIST     ; On                                                                              ; --            ; --                        ; eda_simulation ;
; EDA_NETLIST_WRITER_OUTPUT_DIR       ; C:/Users/tomas/Desktop/IngenieriaEnComputacion/IDL/TEI_GRUPO17/simulation/qsim/ ; --            ; --                        ; eda_simulation ;
; EDA_OUTPUT_DATA_FORMAT              ; Verilog Hdl                                                                     ; --            ; --                        ; eda_simulation ;
; EDA_SIMULATION_TOOL                 ; ModelSim-Altera (Verilog)                                                       ; <None>        ; --                        ; --             ;
; EDA_TIME_SCALE                      ; 1 ps                                                                            ; --            ; --                        ; eda_simulation ;
; PARTITION_COLOR                     ; 16764057                                                                        ; --            ; circuito_principal_bloque ; Top            ;
; PARTITION_FITTER_PRESERVATION_LEVEL ; PLACEMENT_AND_ROUTING                                                           ; --            ; circuito_principal_bloque ; Top            ;
; PARTITION_NETLIST_TYPE              ; SOURCE                                                                          ; --            ; circuito_principal_bloque ; Top            ;
; PROJECT_OUTPUT_DIRECTORY            ; output_files                                                                    ; --            ; --                        ; --             ;
; TOP_LEVEL_ENTITY                    ; circuito_principal_bloque                                                       ; TEI_GRUPO17   ; --                        ; --             ;
+-------------------------------------+---------------------------------------------------------------------------------+---------------+---------------------------+----------------+


+-------------------------------------------------------------------------------------------------------------------------------+
; Flow Elapsed Time                                                                                                             ;
+---------------------------+--------------+-------------------------+---------------------+------------------------------------+
; Module Name               ; Elapsed Time ; Average Processors Used ; Peak Virtual Memory ; Total CPU Time (on all processors) ;
+---------------------------+--------------+-------------------------+---------------------+------------------------------------+
; Analysis & Synthesis      ; 00:00:03     ; 1.0                     ; 4615 MB             ; 00:00:01                           ;
; Fitter                    ; 00:00:06     ; 1.0                     ; 4946 MB             ; 00:00:04                           ;
; Assembler                 ; 00:00:01     ; 1.0                     ; 4585 MB             ; 00:00:01                           ;
; TimeQuest Timing Analyzer ; 00:00:01     ; 1.0                     ; 4619 MB             ; 00:00:01                           ;
; EDA Netlist Writer        ; 00:00:00     ; 1.0                     ; 4532 MB             ; 00:00:00                           ;
; EDA Netlist Writer        ; 00:00:00     ; 1.0                     ; 4549 MB             ; 00:00:00                           ;
; EDA Netlist Writer        ; 00:00:00     ; 1.0                     ; 4544 MB             ; 00:00:00                           ;
; EDA Netlist Writer        ; 00:00:00     ; 1.0                     ; 4549 MB             ; 00:00:00                           ;
; EDA Netlist Writer        ; 00:00:01     ; 1.0                     ; 4549 MB             ; 00:00:00                           ;
; EDA Netlist Writer        ; 00:00:00     ; 1.0                     ; 4549 MB             ; 00:00:00                           ;
; EDA Netlist Writer        ; 00:00:00     ; 1.0                     ; 4549 MB             ; 00:00:00                           ;
; EDA Netlist Writer        ; 00:00:00     ; 1.0                     ; 4549 MB             ; 00:00:00                           ;
; EDA Netlist Writer        ; 00:00:00     ; 1.0                     ; 4549 MB             ; 00:00:00                           ;
; EDA Netlist Writer        ; 00:00:01     ; 1.0                     ; 4549 MB             ; 00:00:00                           ;
; EDA Netlist Writer        ; 00:00:00     ; 1.0                     ; 4549 MB             ; 00:00:00                           ;
; EDA Netlist Writer        ; 00:00:00     ; 1.0                     ; 4549 MB             ; 00:00:00                           ;
; EDA Netlist Writer        ; 00:00:01     ; 1.0                     ; 4549 MB             ; 00:00:00                           ;
; EDA Netlist Writer        ; 00:00:01     ; 1.0                     ; 4549 MB             ; 00:00:00                           ;
; EDA Netlist Writer        ; 00:00:01     ; 1.0                     ; 4549 MB             ; 00:00:00                           ;
; EDA Netlist Writer        ; 00:00:00     ; 1.0                     ; 4549 MB             ; 00:00:00                           ;
; EDA Netlist Writer        ; 00:00:01     ; 1.0                     ; 4549 MB             ; 00:00:00                           ;
; EDA Netlist Writer        ; 00:00:01     ; 1.0                     ; 4549 MB             ; 00:00:00                           ;
; Total                     ; 00:00:18     ; --                      ; --                  ; 00:00:07                           ;
+---------------------------+--------------+-------------------------+---------------------+------------------------------------+


+----------------------------------------------------------------------------------------+
; Flow OS Summary                                                                        ;
+---------------------------+------------------+-----------+------------+----------------+
; Module Name               ; Machine Hostname ; OS Name   ; OS Version ; Processor type ;
+---------------------------+------------------+-----------+------------+----------------+
; Analysis & Synthesis      ; TomiLaptop       ; Windows 7 ; 6.2        ; x86_64         ;
; Fitter                    ; TomiLaptop       ; Windows 7 ; 6.2        ; x86_64         ;
; Assembler                 ; TomiLaptop       ; Windows 7 ; 6.2        ; x86_64         ;
; TimeQuest Timing Analyzer ; TomiLaptop       ; Windows 7 ; 6.2        ; x86_64         ;
; EDA Netlist Writer        ; TomiLaptop       ; Windows 7 ; 6.2        ; x86_64         ;
; EDA Netlist Writer        ; TomiLaptop       ; Windows 7 ; 6.2        ; x86_64         ;
; EDA Netlist Writer        ; TomiLaptop       ; Windows 7 ; 6.2        ; x86_64         ;
; EDA Netlist Writer        ; TomiLaptop       ; Windows 7 ; 6.2        ; x86_64         ;
; EDA Netlist Writer        ; TomiLaptop       ; Windows 7 ; 6.2        ; x86_64         ;
; EDA Netlist Writer        ; TomiLaptop       ; Windows 7 ; 6.2        ; x86_64         ;
; EDA Netlist Writer        ; TomiLaptop       ; Windows 7 ; 6.2        ; x86_64         ;
; EDA Netlist Writer        ; TomiLaptop       ; Windows 7 ; 6.2        ; x86_64         ;
; EDA Netlist Writer        ; TomiLaptop       ; Windows 7 ; 6.2        ; x86_64         ;
; EDA Netlist Writer        ; TomiLaptop       ; Windows 7 ; 6.2        ; x86_64         ;
; EDA Netlist Writer        ; TomiLaptop       ; Windows 7 ; 6.2        ; x86_64         ;
; EDA Netlist Writer        ; TomiLaptop       ; Windows 7 ; 6.2        ; x86_64         ;
; EDA Netlist Writer        ; TomiLaptop       ; Windows 7 ; 6.2        ; x86_64         ;
; EDA Netlist Writer        ; TomiLaptop       ; Windows 7 ; 6.2        ; x86_64         ;
; EDA Netlist Writer        ; TomiLaptop       ; Windows 7 ; 6.2        ; x86_64         ;
; EDA Netlist Writer        ; TomiLaptop       ; Windows 7 ; 6.2        ; x86_64         ;
; EDA Netlist Writer        ; TomiLaptop       ; Windows 7 ; 6.2        ; x86_64         ;
; EDA Netlist Writer        ; TomiLaptop       ; Windows 7 ; 6.2        ; x86_64         ;
+---------------------------+------------------+-----------+------------+----------------+


------------
; Flow Log ;
------------
quartus_map --read_settings_files=on --write_settings_files=off TEI_GRUPO17 -c TEI_GRUPO17
quartus_fit --read_settings_files=off --write_settings_files=off TEI_GRUPO17 -c TEI_GRUPO17
quartus_asm --read_settings_files=off --write_settings_files=off TEI_GRUPO17 -c TEI_GRUPO17
quartus_sta TEI_GRUPO17 -c TEI_GRUPO17
quartus_eda --read_settings_files=off --write_settings_files=off TEI_GRUPO17 -c TEI_GRUPO17
quartus_eda --gen_testbench --check_outputs=on --tool=modelsim_oem --format=verilog TEI_GRUPO17 -c TEI_GRUPO17 --vector_source=C:/Users/tomas/Desktop/IngenieriaEnComputacion/IDL/TEI_GRUPO17/ProyectoQuartus/Waveform.vwf --testbench_file=C:/Users/tomas/Desktop/IngenieriaEnComputacion/IDL/TEI_GRUPO17/ProyectoQuartus/simulation/qsim/Waveform.vwf.vt
quartus_eda --gen_testbench --check_outputs=on --tool=modelsim_oem --format=verilog TEI_GRUPO17 -c TEI_GRUPO17 --vector_source=C:/Users/tomas/Desktop/IngenieriaEnComputacion/IDL/TEI_GRUPO17/ProyectoQuartus/TestDeCircuitos-Waveforms/vwfTesteoFinal.vwf --testbench_file=C:/Users/tomas/Desktop/IngenieriaEnComputacion/IDL/TEI_GRUPO17/ProyectoQuartus/simulation/qsim/vwfTesteoFinal.vwf.vt
quartus_eda --functional=on --flatten_buses=off --simulation=on --tool=modelsim_oem --format=verilog --output_directory=C:/Users/tomas/Desktop/IngenieriaEnComputacion/IDL/TEI_GRUPO17/ProyectoQuartus/simulation/qsim/ TEI_GRUPO17 -c TEI_GRUPO17
quartus_eda --gen_testbench --check_outputs=on --tool=modelsim_oem --format=verilog TEI_GRUPO17 -c TEI_GRUPO17 --vector_source=C:/Users/tomas/Desktop/IngenieriaEnComputacion/IDL/TEI_GRUPO17/ProyectoQuartus/TestDeCircuitos-Waveforms/vwfTesteoFinal.vwf --testbench_file=C:/Users/tomas/Desktop/IngenieriaEnComputacion/IDL/TEI_GRUPO17/ProyectoQuartus/simulation/qsim/vwfTesteoFinal.vwf.vt
quartus_eda --functional=on --flatten_buses=off --simulation=on --tool=modelsim_oem --format=verilog --output_directory=C:/Users/tomas/Desktop/IngenieriaEnComputacion/IDL/TEI_GRUPO17/ProyectoQuartus/simulation/qsim/ TEI_GRUPO17 -c TEI_GRUPO17
quartus_eda --gen_testbench --check_outputs=on --tool=modelsim_oem --format=verilog TEI_GRUPO17 -c TEI_GRUPO17 --vector_source=C:/Users/tomas/Desktop/IngenieriaEnComputacion/IDL/TEI_GRUPO17/ProyectoQuartus/TestDeCircuitos-Waveforms/vwfTesteoFinal.vwf --testbench_file=C:/Users/tomas/Desktop/IngenieriaEnComputacion/IDL/TEI_GRUPO17/ProyectoQuartus/simulation/qsim/vwfTesteoFinal.vwf.vt
quartus_eda --functional=on --flatten_buses=off --simulation=on --tool=modelsim_oem --format=verilog --output_directory=C:/Users/tomas/Desktop/IngenieriaEnComputacion/IDL/TEI_GRUPO17/ProyectoQuartus/simulation/qsim/ TEI_GRUPO17 -c TEI_GRUPO17
quartus_eda --gen_testbench --check_outputs=on --tool=modelsim_oem --format=verilog TEI_GRUPO17 -c TEI_GRUPO17 --vector_source=C:/Users/tomas/Desktop/IngenieriaEnComputacion/IDL/TEI_GRUPO17/ProyectoQuartus/TestDeCircuitos-Waveforms/vwfTesteoFinal.vwf --testbench_file=C:/Users/tomas/Desktop/IngenieriaEnComputacion/IDL/TEI_GRUPO17/ProyectoQuartus/simulation/qsim/vwfTesteoFinal.vwf.vt
quartus_eda --functional=on --flatten_buses=off --simulation=on --tool=modelsim_oem --format=verilog --output_directory=C:/Users/tomas/Desktop/IngenieriaEnComputacion/IDL/TEI_GRUPO17/ProyectoQuartus/simulation/qsim/ TEI_GRUPO17 -c TEI_GRUPO17
quartus_eda --gen_testbench --check_outputs=on --tool=modelsim_oem --format=verilog TEI_GRUPO17 -c TEI_GRUPO17 --vector_source=C:/Users/tomas/Desktop/IngenieriaEnComputacion/IDL/TEI_GRUPO17/ProyectoQuartus/TestDeCircuitos-Waveforms/vwfTesteoFinal.vwf --testbench_file=C:/Users/tomas/Desktop/IngenieriaEnComputacion/IDL/TEI_GRUPO17/ProyectoQuartus/simulation/qsim/vwfTesteoFinal.vwf.vt
quartus_eda --functional=on --flatten_buses=off --simulation=on --tool=modelsim_oem --format=verilog --output_directory=C:/Users/tomas/Desktop/IngenieriaEnComputacion/IDL/TEI_GRUPO17/ProyectoQuartus/simulation/qsim/ TEI_GRUPO17 -c TEI_GRUPO17
quartus_eda --gen_testbench --check_outputs=on --tool=modelsim_oem --format=verilog TEI_GRUPO17 -c TEI_GRUPO17 --vector_source=C:/Users/tomas/Desktop/IngenieriaEnComputacion/IDL/TEI_GRUPO17/ProyectoQuartus/TestDeCircuitos-Waveforms/vwfTesteoFinal.vwf --testbench_file=C:/Users/tomas/Desktop/IngenieriaEnComputacion/IDL/TEI_GRUPO17/ProyectoQuartus/simulation/qsim/vwfTesteoFinal.vwf.vt
quartus_eda --functional=on --flatten_buses=off --simulation=on --tool=modelsim_oem --format=verilog --output_directory=C:/Users/tomas/Desktop/IngenieriaEnComputacion/IDL/TEI_GRUPO17/ProyectoQuartus/simulation/qsim/ TEI_GRUPO17 -c TEI_GRUPO17
quartus_eda --gen_testbench --check_outputs=on --tool=modelsim_oem --format=verilog TEI_GRUPO17 -c TEI_GRUPO17 --vector_source=C:/Users/tomas/Desktop/IngenieriaEnComputacion/IDL/TEI_GRUPO17/ProyectoQuartus/TestDeCircuitos-Waveforms/vwfTesteoFinal.vwf --testbench_file=C:/Users/tomas/Desktop/IngenieriaEnComputacion/IDL/TEI_GRUPO17/ProyectoQuartus/simulation/qsim/vwfTesteoFinal.vwf.vt
quartus_eda --functional=on --flatten_buses=off --simulation=on --tool=modelsim_oem --format=verilog --output_directory=C:/Users/tomas/Desktop/IngenieriaEnComputacion/IDL/TEI_GRUPO17/ProyectoQuartus/simulation/qsim/ TEI_GRUPO17 -c TEI_GRUPO17
quartus_eda --gen_testbench --check_outputs=on --tool=modelsim_oem --format=verilog TEI_GRUPO17 -c TEI_GRUPO17 --vector_source=C:/Users/tomas/Desktop/IngenieriaEnComputacion/IDL/TEI_GRUPO17/ProyectoQuartus/TestDeCircuitos-Waveforms/vwfTesteoFinal.vwf --testbench_file=C:/Users/tomas/Desktop/IngenieriaEnComputacion/IDL/TEI_GRUPO17/ProyectoQuartus/simulation/qsim/vwfTesteoFinal.vwf.vt
quartus_eda --functional=on --flatten_buses=off --simulation=on --tool=modelsim_oem --format=verilog --output_directory=C:/Users/tomas/Desktop/IngenieriaEnComputacion/IDL/TEI_GRUPO17/ProyectoQuartus/simulation/qsim/ TEI_GRUPO17 -c TEI_GRUPO17



